<?xml version="1.0" encoding="UTF-8"?>
<testng-results ignored="1" total="2" passed="1" failed="0" skipped="0">
  <reporter-output>
    <line>
      <![CDATA[Login Method]]>
    </line>
  </reporter-output>
  <suite started-at="2023-03-31T19:32:36 IST" name="Default suite" finished-at="2023-03-31T19:32:36 IST" duration-ms="86">
    <groups>
    </groups>
    <test started-at="2023-03-31T19:32:36 IST" name="Default test" finished-at="2023-03-31T19:32:36 IST" duration-ms="86">
      <class name="testNGFlag.Flag6">
        <test-method signature="login()[pri:0, instance:testNGFlag.Flag6@49dc7102]" started-at="2023-03-31T19:32:36 IST" name="login" finished-at="2023-03-31T19:32:36 IST" duration-ms="14" status="PASS">
          <reporter-output>
            <line>
              <![CDATA[Login Method]]>
            </line>
          </reporter-output>
        </test-method> <!-- login -->
      </class> <!-- testNGFlag.Flag6 -->
    </test> <!-- Default test -->
  </suite> <!-- Default suite -->
</testng-results>
